<?xml version="1.0" encoding="UTF-8"?>
<testng-results ignored="0" total="1" passed="1" failed="0" skipped="0">
  <reporter-output>
  </reporter-output>
  <suite started-at="2022-06-19T11:54:18 IST" name="Default suite" finished-at="2022-06-19T11:54:56 IST" duration-ms="38218">
    <groups>
    </groups>
    <test started-at="2022-06-19T11:54:18 IST" name="Default test" finished-at="2022-06-19T11:54:56 IST" duration-ms="38218">
      <class name="com.cg.PdfClass">
        <test-method signature="ReadFile()[pri:0, instance:com.cg.PdfClass@71b1176b]" started-at="2022-06-19T11:54:18 IST" name="ReadFile" finished-at="2022-06-19T11:54:56 IST" duration-ms="38189" status="PASS">
          <reporter-output>
          </reporter-output>
        </test-method> <!-- ReadFile -->
      </class> <!-- com.cg.PdfClass -->
    </test> <!-- Default test -->
  </suite> <!-- Default suite -->
</testng-results>
